1727340095.363876 client started (15993): version 3.4, socket /private/tmp/tmux-501/default, protocol 8
1727340095.363941 on Darwin 23.6.0 Darwin Kernel Version 23.6.0: Mon Jul 29 21:13:00 PDT 2024; root:xnu-10063.141.2~1/RELEASE_X86_64
1727340095.363962 using libevent 2.1.12-stable select
1727340095.363978 using utf8proc 2.9.0
1727340095.363988 using ncurses 6.5 20240427
1727340095.364024 flags are 0x18010000
1727340095.364034 socket is /private/tmp/tmux-501/default
1727340095.364048 trying connect
1727340095.364070 connect failed: No such file or directory
1727340095.364091 lock file is /private/tmp/tmux-501/default.lock
1727340095.364208 flock succeeded
1727340095.364225 got lock (6)
1727340095.364237 trying connect
1727340095.364252 connect failed: No such file or directory
1727340095.364698 add peer 0x7fd644031000: 7 (0x0)
1727340095.370213 sending message 100 to peer 0x7fd644031000 (4 bytes)
1727340095.370240 sending message 111 to peer 0x7fd644031000 (8 bytes)
1727340095.370253 sending message 101 to peer 0x7fd644031000 (15 bytes)
1727340095.370265 sending message 109 to peer 0x7fd644031000 (4 bytes)
1727340095.370274 sending message 102 to peer 0x7fd644031000 (13 bytes)
1727340095.370285 sending message 108 to peer 0x7fd644031000 (30 bytes)
1727340095.370298 sending message 112 to peer 0x7fd644031000 (58 bytes)
1727340095.370310 sending message 112 to peer 0x7fd644031000 (5 bytes)
1727340095.370320 sending message 112 to peer 0x7fd644031000 (5 bytes)
1727340095.370331 sending message 112 to peer 0x7fd644031000 (6 bytes)
1727340095.370342 sending message 112 to peer 0x7fd644031000 (6 bytes)
1727340095.370353 sending message 112 to peer 0x7fd644031000 (11 bytes)
1727340095.370365 sending message 112 to peer 0x7fd644031000 (10 bytes)
1727340095.370375 sending message 112 to peer 0x7fd644031000 (13 bytes)
1727340095.370386 sending message 112 to peer 0x7fd644031000 (14 bytes)
1727340095.370397 sending message 112 to peer 0x7fd644031000 (19 bytes)
1727340095.370408 sending message 112 to peer 0x7fd644031000 (11 bytes)
1727340095.370419 sending message 112 to peer 0x7fd644031000 (10 bytes)
1727340095.370430 sending message 112 to peer 0x7fd644031000 (15 bytes)
1727340095.370441 sending message 112 to peer 0x7fd644031000 (21 bytes)
1727340095.370452 sending message 112 to peer 0x7fd644031000 (13 bytes)
1727340095.370462 sending message 112 to peer 0x7fd644031000 (7 bytes)
1727340095.370473 sending message 112 to peer 0x7fd644031000 (13 bytes)
1727340095.370483 sending message 112 to peer 0x7fd644031000 (7 bytes)
1727340095.370495 sending message 112 to peer 0x7fd644031000 (13 bytes)
1727340095.370506 sending message 112 to peer 0x7fd644031000 (9 bytes)
1727340095.370516 sending message 112 to peer 0x7fd644031000 (21 bytes)
1727340095.370527 sending message 112 to peer 0x7fd644031000 (13 bytes)
1727340095.370538 sending message 112 to peer 0x7fd644031000 (9 bytes)
1727340095.370548 sending message 112 to peer 0x7fd644031000 (16 bytes)
1727340095.370559 sending message 112 to peer 0x7fd644031000 (13 bytes)
1727340095.370570 sending message 112 to peer 0x7fd644031000 (9 bytes)
1727340095.370581 sending message 112 to peer 0x7fd644031000 (9 bytes)
1727340095.370591 sending message 112 to peer 0x7fd644031000 (12 bytes)
1727340095.370602 sending message 112 to peer 0x7fd644031000 (8 bytes)
1727340095.370613 sending message 112 to peer 0x7fd644031000 (8 bytes)
1727340095.370623 sending message 112 to peer 0x7fd644031000 (13 bytes)
1727340095.370634 sending message 112 to peer 0x7fd644031000 (7 bytes)
1727340095.370645 sending message 112 to peer 0x7fd644031000 (7 bytes)
1727340095.370655 sending message 112 to peer 0x7fd644031000 (9 bytes)
1727340095.370666 sending message 112 to peer 0x7fd644031000 (9 bytes)
1727340095.370677 sending message 112 to peer 0x7fd644031000 (15 bytes)
1727340095.370687 sending message 112 to peer 0x7fd644031000 (13 bytes)
1727340095.370698 sending message 112 to peer 0x7fd644031000 (12 bytes)
1727340095.370708 sending message 112 to peer 0x7fd644031000 (8 bytes)
1727340095.370719 sending message 112 to peer 0x7fd644031000 (14 bytes)
1727340095.370746 sending message 112 to peer 0x7fd644031000 (11 bytes)
1727340095.370754 sending message 112 to peer 0x7fd644031000 (9 bytes)
1727340095.370762 sending message 112 to peer 0x7fd644031000 (10 bytes)
1727340095.370771 sending message 112 to peer 0x7fd644031000 (10 bytes)
1727340095.370778 sending message 112 to peer 0x7fd644031000 (10 bytes)
1727340095.370785 sending message 112 to peer 0x7fd644031000 (10 bytes)
1727340095.370792 sending message 112 to peer 0x7fd644031000 (11 bytes)
1727340095.370798 sending message 112 to peer 0x7fd644031000 (12 bytes)
1727340095.370805 sending message 112 to peer 0x7fd644031000 (12 bytes)
1727340095.370811 sending message 112 to peer 0x7fd644031000 (12 bytes)
1727340095.370817 sending message 112 to peer 0x7fd644031000 (12 bytes)
1727340095.370824 sending message 112 to peer 0x7fd644031000 (12 bytes)
1727340095.370831 sending message 112 to peer 0x7fd644031000 (11 bytes)
1727340095.370837 sending message 112 to peer 0x7fd644031000 (11 bytes)
1727340095.370849 sending message 112 to peer 0x7fd644031000 (12 bytes)
1727340095.370857 sending message 112 to peer 0x7fd644031000 (12 bytes)
1727340095.370865 sending message 112 to peer 0x7fd644031000 (12 bytes)
1727340095.370872 sending message 112 to peer 0x7fd644031000 (12 bytes)
1727340095.370879 sending message 112 to peer 0x7fd644031000 (12 bytes)
1727340095.370887 sending message 112 to peer 0x7fd644031000 (9 bytes)
1727340095.370894 sending message 112 to peer 0x7fd644031000 (12 bytes)
1727340095.370901 sending message 112 to peer 0x7fd644031000 (13 bytes)
1727340095.370909 sending message 112 to peer 0x7fd644031000 (13 bytes)
1727340095.370916 sending message 112 to peer 0x7fd644031000 (13 bytes)
1727340095.370923 sending message 112 to peer 0x7fd644031000 (13 bytes)
1727340095.370931 sending message 112 to peer 0x7fd644031000 (13 bytes)
1727340095.370938 sending message 112 to peer 0x7fd644031000 (8 bytes)
1727340095.370945 sending message 112 to peer 0x7fd644031000 (11 bytes)
1727340095.370952 sending message 112 to peer 0x7fd644031000 (11 bytes)
1727340095.370959 sending message 112 to peer 0x7fd644031000 (11 bytes)
1727340095.370967 sending message 112 to peer 0x7fd644031000 (12 bytes)
1727340095.370974 sending message 112 to peer 0x7fd644031000 (12 bytes)
1727340095.370982 sending message 112 to peer 0x7fd644031000 (12 bytes)
1727340095.370990 sending message 112 to peer 0x7fd644031000 (12 bytes)
1727340095.370998 sending message 112 to peer 0x7fd644031000 (13 bytes)
1727340095.371004 sending message 112 to peer 0x7fd644031000 (13 bytes)
1727340095.371011 sending message 112 to peer 0x7fd644031000 (13 bytes)
1727340095.371019 sending message 112 to peer 0x7fd644031000 (8 bytes)
1727340095.371026 sending message 112 to peer 0x7fd644031000 (13 bytes)
1727340095.371034 sending message 112 to peer 0x7fd644031000 (13 bytes)
1727340095.371042 sending message 112 to peer 0x7fd644031000 (13 bytes)
1727340095.371048 sending message 112 to peer 0x7fd644031000 (13 bytes)
1727340095.371055 sending message 112 to peer 0x7fd644031000 (13 bytes)
1727340095.371063 sending message 112 to peer 0x7fd644031000 (12 bytes)
1727340095.371070 sending message 112 to peer 0x7fd644031000 (12 bytes)
1727340095.371077 sending message 112 to peer 0x7fd644031000 (12 bytes)
1727340095.371085 sending message 112 to peer 0x7fd644031000 (12 bytes)
1727340095.371092 sending message 112 to peer 0x7fd644031000 (13 bytes)
1727340095.371099 sending message 112 to peer 0x7fd644031000 (8 bytes)
1727340095.371105 sending message 112 to peer 0x7fd644031000 (13 bytes)
1727340095.371112 sending message 112 to peer 0x7fd644031000 (13 bytes)
1727340095.371119 sending message 112 to peer 0x7fd644031000 (13 bytes)
1727340095.371127 sending message 112 to peer 0x7fd644031000 (13 bytes)
1727340095.371134 sending message 112 to peer 0x7fd644031000 (13 bytes)
1727340095.371142 sending message 112 to peer 0x7fd644031000 (13 bytes)
1727340095.371150 sending message 112 to peer 0x7fd644031000 (13 bytes)
1727340095.371157 sending message 112 to peer 0x7fd644031000 (12 bytes)
1727340095.371180 sending message 112 to peer 0x7fd644031000 (12 bytes)
1727340095.371188 sending message 112 to peer 0x7fd644031000 (12 bytes)
1727340095.371195 sending message 112 to peer 0x7fd644031000 (8 bytes)
1727340095.371204 sending message 112 to peer 0x7fd644031000 (12 bytes)
1727340095.371211 sending message 112 to peer 0x7fd644031000 (13 bytes)
1727340095.371218 sending message 112 to peer 0x7fd644031000 (13 bytes)
1727340095.371226 sending message 112 to peer 0x7fd644031000 (13 bytes)
1727340095.371233 sending message 112 to peer 0x7fd644031000 (13 bytes)
1727340095.371241 sending message 112 to peer 0x7fd644031000 (13 bytes)
1727340095.371248 sending message 112 to peer 0x7fd644031000 (13 bytes)
1727340095.371256 sending message 112 to peer 0x7fd644031000 (13 bytes)
1727340095.371263 sending message 112 to peer 0x7fd644031000 (13 bytes)
1727340095.371270 sending message 112 to peer 0x7fd644031000 (12 bytes)
1727340095.371277 sending message 112 to peer 0x7fd644031000 (10 bytes)
1727340095.371285 sending message 112 to peer 0x7fd644031000 (12 bytes)
1727340095.371292 sending message 112 to peer 0x7fd644031000 (12 bytes)
1727340095.371299 sending message 112 to peer 0x7fd644031000 (12 bytes)
1727340095.371307 sending message 112 to peer 0x7fd644031000 (13 bytes)
1727340095.371314 sending message 112 to peer 0x7fd644031000 (13 bytes)
1727340095.371322 sending message 112 to peer 0x7fd644031000 (13 bytes)
1727340095.371330 sending message 112 to peer 0x7fd644031000 (13 bytes)
1727340095.371341 sending message 112 to peer 0x7fd644031000 (13 bytes)
1727340095.371349 sending message 112 to peer 0x7fd644031000 (13 bytes)
1727340095.371357 sending message 112 to peer 0x7fd644031000 (13 bytes)
1727340095.371364 sending message 112 to peer 0x7fd644031000 (10 bytes)
1727340095.371372 sending message 112 to peer 0x7fd644031000 (13 bytes)
1727340095.371378 sending message 112 to peer 0x7fd644031000 (12 bytes)
1727340095.371385 sending message 112 to peer 0x7fd644031000 (12 bytes)
1727340095.371392 sending message 112 to peer 0x7fd644031000 (12 bytes)
1727340095.371402 sending message 112 to peer 0x7fd644031000 (10 bytes)
1727340095.371410 sending message 112 to peer 0x7fd644031000 (10 bytes)
1727340095.371418 sending message 112 to peer 0x7fd644031000 (10 bytes)
1727340095.371426 sending message 112 to peer 0x7fd644031000 (12 bytes)
1727340095.371434 sending message 112 to peer 0x7fd644031000 (13 bytes)
1727340095.371442 sending message 112 to peer 0x7fd644031000 (13 bytes)
1727340095.371449 sending message 112 to peer 0x7fd644031000 (13 bytes)
1727340095.371458 sending message 112 to peer 0x7fd644031000 (13 bytes)
1727340095.371466 sending message 112 to peer 0x7fd644031000 (13 bytes)
1727340095.371473 sending message 112 to peer 0x7fd644031000 (10 bytes)
1727340095.371480 sending message 112 to peer 0x7fd644031000 (11 bytes)
1727340095.371488 sending message 112 to peer 0x7fd644031000 (12 bytes)
1727340095.371495 sending message 112 to peer 0x7fd644031000 (12 bytes)
1727340095.371503 sending message 112 to peer 0x7fd644031000 (12 bytes)
1727340095.371510 sending message 112 to peer 0x7fd644031000 (12 bytes)
1727340095.371517 sending message 112 to peer 0x7fd644031000 (12 bytes)
1727340095.371525 sending message 112 to peer 0x7fd644031000 (11 bytes)
1727340095.371532 sending message 112 to peer 0x7fd644031000 (12 bytes)
1727340095.371540 sending message 112 to peer 0x7fd644031000 (12 bytes)
1727340095.371547 sending message 112 to peer 0x7fd644031000 (13 bytes)
1727340095.371555 sending message 112 to peer 0x7fd644031000 (13 bytes)
1727340095.371562 sending message 112 to peer 0x7fd644031000 (13 bytes)
1727340095.371570 sending message 112 to peer 0x7fd644031000 (13 bytes)
1727340095.371577 sending message 112 to peer 0x7fd644031000 (13 bytes)
1727340095.371584 sending message 112 to peer 0x7fd644031000 (10 bytes)
1727340095.371592 sending message 112 to peer 0x7fd644031000 (9 bytes)
1727340095.371599 sending message 112 to peer 0x7fd644031000 (12 bytes)
1727340095.371607 sending message 112 to peer 0x7fd644031000 (13 bytes)
1727340095.371671 sending message 112 to peer 0x7fd644031000 (13 bytes)
1727340095.371686 sending message 112 to peer 0x7fd644031000 (13 bytes)
1727340095.371695 sending message 112 to peer 0x7fd644031000 (13 bytes)
1727340095.371853 sending message 112 to peer 0x7fd644031000 (13 bytes)
1727340095.371903 sending message 112 to peer 0x7fd644031000 (9 bytes)
1727340095.371918 sending message 112 to peer 0x7fd644031000 (12 bytes)
1727340095.371928 sending message 112 to peer 0x7fd644031000 (13 bytes)
1727340095.371936 sending message 112 to peer 0x7fd644031000 (13 bytes)
1727340095.371944 sending message 112 to peer 0x7fd644031000 (13 bytes)
1727340095.371953 sending message 112 to peer 0x7fd644031000 (13 bytes)
1727340095.371960 sending message 112 to peer 0x7fd644031000 (13 bytes)
1727340095.371968 sending message 112 to peer 0x7fd644031000 (11 bytes)
1727340095.371975 sending message 112 to peer 0x7fd644031000 (12 bytes)
1727340095.371982 sending message 112 to peer 0x7fd644031000 (13 bytes)
1727340095.371990 sending message 112 to peer 0x7fd644031000 (13 bytes)
1727340095.371996 sending message 112 to peer 0x7fd644031000 (13 bytes)
1727340095.372003 sending message 112 to peer 0x7fd644031000 (13 bytes)
1727340095.372009 sending message 112 to peer 0x7fd644031000 (13 bytes)
1727340095.372018 sending message 112 to peer 0x7fd644031000 (11 bytes)
1727340095.372028 sending message 112 to peer 0x7fd644031000 (12 bytes)
1727340095.372039 sending message 112 to peer 0x7fd644031000 (12 bytes)
1727340095.372049 sending message 112 to peer 0x7fd644031000 (12 bytes)
1727340095.372060 sending message 112 to peer 0x7fd644031000 (12 bytes)
1727340095.372071 sending message 112 to peer 0x7fd644031000 (12 bytes)
1727340095.372082 sending message 112 to peer 0x7fd644031000 (21 bytes)
1727340095.372107 sending message 112 to peer 0x7fd644031000 (12 bytes)
1727340095.372121 sending message 112 to peer 0x7fd644031000 (9 bytes)
1727340095.372133 sending message 112 to peer 0x7fd644031000 (6 bytes)
1727340095.372144 sending message 112 to peer 0x7fd644031000 (13 bytes)
1727340095.372155 sending message 112 to peer 0x7fd644031000 (10 bytes)
1727340095.372166 sending message 112 to peer 0x7fd644031000 (15 bytes)
1727340095.372177 sending message 112 to peer 0x7fd644031000 (13 bytes)
1727340095.372188 sending message 112 to peer 0x7fd644031000 (9 bytes)
1727340095.372199 sending message 112 to peer 0x7fd644031000 (70 bytes)
1727340095.372220 sending message 112 to peer 0x7fd644031000 (69 bytes)
1727340095.372236 sending message 112 to peer 0x7fd644031000 (73 bytes)
1727340095.372247 sending message 112 to peer 0x7fd644031000 (12 bytes)
1727340095.372258 sending message 112 to peer 0x7fd644031000 (10 bytes)
1727340095.372270 sending message 112 to peer 0x7fd644031000 (10 bytes)
1727340095.372282 sending message 112 to peer 0x7fd644031000 (15 bytes)
1727340095.372293 sending message 112 to peer 0x7fd644031000 (13 bytes)
1727340095.372305 sending message 112 to peer 0x7fd644031000 (10 bytes)
1727340095.372317 sending message 112 to peer 0x7fd644031000 (10 bytes)
1727340095.372329 sending message 112 to peer 0x7fd644031000 (17 bytes)
1727340095.372341 sending message 112 to peer 0x7fd644031000 (13 bytes)
1727340095.372352 sending message 112 to peer 0x7fd644031000 (15 bytes)
1727340095.372363 sending message 112 to peer 0x7fd644031000 (5 bytes)
1727340095.372377 sending message 104 to peer 0x7fd644031000 (0 bytes)
1727340095.372408 sending message 110 to peer 0x7fd644031000 (0 bytes)
1727340095.372423 sending message 107 to peer 0x7fd644031000 (4 bytes)
1727340095.372434 sending message 105 to peer 0x7fd644031000 (60 bytes)
1727340095.372456 sending message 105 to peer 0x7fd644031000 (66 bytes)
1727340095.372473 sending message 105 to peer 0x7fd644031000 (26 bytes)
1727340095.372486 sending message 105 to peer 0x7fd644031000 (15 bytes)
1727340095.372497 sending message 105 to peer 0x7fd644031000 (20 bytes)
1727340095.372509 sending message 105 to peer 0x7fd644031000 (14 bytes)
1727340095.372521 sending message 105 to peer 0x7fd644031000 (17 bytes)
1727340095.372566 sending message 105 to peer 0x7fd644031000 (34 bytes)
1727340095.372585 sending message 105 to peer 0x7fd644031000 (15 bytes)
1727340095.372598 sending message 105 to peer 0x7fd644031000 (43 bytes)
1727340095.372611 sending message 105 to peer 0x7fd644031000 (24 bytes)
1727340095.372623 sending message 105 to peer 0x7fd644031000 (42 bytes)
1727340095.372635 sending message 105 to peer 0x7fd644031000 (27 bytes)
1727340095.372646 sending message 105 to peer 0x7fd644031000 (23 bytes)
1727340095.372706 sending message 105 to peer 0x7fd644031000 (1118 bytes)
1727340095.372767 sending message 105 to peer 0x7fd644031000 (19 bytes)
1727340095.372782 sending message 105 to peer 0x7fd644031000 (20 bytes)
1727340095.372790 sending message 105 to peer 0x7fd644031000 (22 bytes)
1727340095.372798 sending message 105 to peer 0x7fd644031000 (20 bytes)
1727340095.372806 sending message 105 to peer 0x7fd644031000 (86 bytes)
1727340095.372818 sending message 105 to peer 0x7fd644031000 (22 bytes)
1727340095.372827 sending message 105 to peer 0x7fd644031000 (57 bytes)
1727340095.372835 sending message 105 to peer 0x7fd644031000 (15 bytes)
1727340095.372842 sending message 105 to peer 0x7fd644031000 (19 bytes)
1727340095.372850 sending message 105 to peer 0x7fd644031000 (18 bytes)
1727340095.372858 sending message 105 to peer 0x7fd644031000 (54 bytes)
1727340095.372865 sending message 105 to peer 0x7fd644031000 (32 bytes)
1727340095.372873 sending message 105 to peer 0x7fd644031000 (61 bytes)
1727340095.372881 sending message 105 to peer 0x7fd644031000 (8 bytes)
1727340095.372888 sending message 105 to peer 0x7fd644031000 (32 bytes)
1727340095.372896 sending message 105 to peer 0x7fd644031000 (12 bytes)
1727340095.372903 sending message 105 to peer 0x7fd644031000 (22 bytes)
1727340095.372911 sending message 105 to peer 0x7fd644031000 (32 bytes)
1727340095.372918 sending message 105 to peer 0x7fd644031000 (11 bytes)
1727340095.372925 sending message 105 to peer 0x7fd644031000 (8 bytes)
1727340095.372932 sending message 105 to peer 0x7fd644031000 (32 bytes)
1727340095.372939 sending message 105 to peer 0x7fd644031000 (10 bytes)
1727340095.372946 sending message 105 to peer 0x7fd644031000 (44 bytes)
1727340095.372954 sending message 105 to peer 0x7fd644031000 (79 bytes)
1727340095.372961 sending message 105 to peer 0x7fd644031000 (30 bytes)
1727340095.372969 sending message 105 to peer 0x7fd644031000 (16 bytes)
1727340095.372976 sending message 105 to peer 0x7fd644031000 (57 bytes)
1727340095.372984 sending message 105 to peer 0x7fd644031000 (66 bytes)
1727340095.372992 sending message 105 to peer 0x7fd644031000 (35 bytes)
1727340095.372999 sending message 105 to peer 0x7fd644031000 (16 bytes)
1727340095.373005 sending message 105 to peer 0x7fd644031000 (31 bytes)
1727340095.373013 sending message 105 to peer 0x7fd644031000 (19 bytes)
1727340095.373020 sending message 105 to peer 0x7fd644031000 (921 bytes)
1727340095.373039 sending message 105 to peer 0x7fd644031000 (19 bytes)
1727340095.373049 sending message 105 to peer 0x7fd644031000 (23 bytes)
1727340095.373057 sending message 105 to peer 0x7fd644031000 (40 bytes)
1727340095.373064 sending message 105 to peer 0x7fd644031000 (51 bytes)
1727340095.373072 sending message 105 to peer 0x7fd644031000 (71 bytes)
1727340095.373081 sending message 105 to peer 0x7fd644031000 (73 bytes)
1727340095.373089 sending message 105 to peer 0x7fd644031000 (75 bytes)
1727340095.373098 sending message 105 to peer 0x7fd644031000 (83 bytes)
1727340095.373104 sending message 105 to peer 0x7fd644031000 (22 bytes)
1727340095.373112 sending message 106 to peer 0x7fd644031000 (0 bytes)
1727340095.373210 sending message 200 to peer 0x7fd644031000 (4 bytes)
1727340095.373221 client loop enter
1727340095.373251 client_signal: Child exited: 20
1727340095.498286 peer 0x7fd644031000 message 207
1727340095.498311 sending message 208 to peer 0x7fd644031000 (0 bytes)
1727340101.254954 client_signal: Window size changes: 28
1727340101.255018 sending message 208 to peer 0x7fd644031000 (0 bytes)
1727340158.241909 client_signal: Window size changes: 28
1727340158.242325 sending message 208 to peer 0x7fd644031000 (0 bytes)
1727340164.396167 client loop exit
